Build started 25.06.2013 12:06:41.
     1>Project "D:\Dropbox\~Semestrul IV\Grafica Computerizata\Labs\Lucrare\Earth and Moon\Earth and Moon.vcxproj" on node 2 (build target(s)).
     1>InitializeBuildStatus:
         Touching "Release\Earth and Moon.unsuccessfulbuild".
       ClCompile:
         C:\Program Files (x86)\Microsoft Visual Studio 10.0\VC\bin\CL.exe /c /Zi /nologo /W3 /WX- /O2 /Oi /Oy- /GL /D WIN32 /D NDEBUG /D _CONSOLE /D _UNICODE /D UNICODE /Gm- /EHsc /MD /GS /Gy /fp:precise /Zc:wchar_t /Zc:forScope /Fo"Release\\" /Fd"Release\vc100.pdb" /Gd /TP /analyze- /errorReport:prompt ..\shared\cTexture.cpp glslprogram.cpp glutils.cpp Planet.cpp vbomesh.cpp main.cpp
         cTexture.cpp
     1>d:\dropbox\~semestrul iv\grafica computerizata\labs\lucrare\shared\cTexture.h(2): fatal error C1083: Cannot open include file: 'GL/glew.h': No such file or directory
         glslprogram.cpp
     1>d:\dropbox\~semestrul iv\grafica computerizata\labs\lucrare\earth and moon\glslprogram.h(4): fatal error C1083: Cannot open include file: 'GL\glew.h': No such file or directory
         glutils.cpp
     1>glutils.cpp(3): fatal error C1083: Cannot open include file: 'GL\glew.h': No such file or directory
         Planet.cpp
     1>d:\dropbox\~semestrul iv\grafica computerizata\labs\lucrare\earth and moon\vbomesh.h(8): fatal error C1083: Cannot open include file: 'glm/glm.hpp': No such file or directory
         vbomesh.cpp
     1>d:\dropbox\~semestrul iv\grafica computerizata\labs\lucrare\earth and moon\vbomesh.h(8): fatal error C1083: Cannot open include file: 'glm/glm.hpp': No such file or directory
         main.cpp
     1>main.cpp(4): fatal error C1083: Cannot open include file: 'GL\glew.h': No such file or directory
     1>Done Building Project "D:\Dropbox\~Semestrul IV\Grafica Computerizata\Labs\Lucrare\Earth and Moon\Earth and Moon.vcxproj" (build target(s)) -- FAILED.

Build FAILED.

Time Elapsed 00:00:00.98
