D:\Dropbox\~Semestrul IV\Grafica Computerizata\Labs\Lucrare\Earth and Moon\Debug\cl.command.1.tlog
D:\Dropbox\~Semestrul IV\Grafica Computerizata\Labs\Lucrare\Earth and Moon\Debug\CL.read.1.tlog
D:\Dropbox\~Semestrul IV\Grafica Computerizata\Labs\Lucrare\Earth and Moon\Debug\CL.write.1.tlog
D:\DROPBOX\~SEMESTRUL IV\GRAFICA COMPUTERIZATA\LABS\LUCRARE\EARTH AND MOON\DEBUG\CTEXTURE.OBJ
D:\DROPBOX\~SEMESTRUL IV\GRAFICA COMPUTERIZATA\LABS\LUCRARE\EARTH AND MOON\DEBUG\CTIMER.OBJ
D:\DROPBOX\~SEMESTRUL IV\GRAFICA COMPUTERIZATA\LABS\LUCRARE\EARTH AND MOON\DEBUG\DRAWABLE.OBJ
D:\DROPBOX\~SEMESTRUL IV\GRAFICA COMPUTERIZATA\LABS\LUCRARE\EARTH AND MOON\DEBUG\EARTH AND MOON.EXE
D:\DROPBOX\~SEMESTRUL IV\GRAFICA COMPUTERIZATA\LABS\LUCRARE\EARTH AND MOON\DEBUG\EARTH AND MOON.EXE.EMBED.MANIFEST
D:\DROPBOX\~SEMESTRUL IV\GRAFICA COMPUTERIZATA\LABS\LUCRARE\EARTH AND MOON\DEBUG\EARTH AND MOON.EXE.EMBED.MANIFEST.RES
D:\DROPBOX\~SEMESTRUL IV\GRAFICA COMPUTERIZATA\LABS\LUCRARE\EARTH AND MOON\DEBUG\EARTH AND MOON.EXE.INTERMEDIATE.MANIFEST
D:\DROPBOX\~SEMESTRUL IV\GRAFICA COMPUTERIZATA\LABS\LUCRARE\EARTH AND MOON\DEBUG\EARTH AND MOON.ILK
D:\DROPBOX\~SEMESTRUL IV\GRAFICA COMPUTERIZATA\LABS\LUCRARE\EARTH AND MOON\DEBUG\EARTH AND MOON.PDB
D:\Dropbox\~Semestrul IV\Grafica Computerizata\Labs\Lucrare\Earth and Moon\Debug\Earth and Moon_manifest.rc
D:\DROPBOX\~SEMESTRUL IV\GRAFICA COMPUTERIZATA\LABS\LUCRARE\EARTH AND MOON\DEBUG\GLSLPROGRAM.OBJ
D:\DROPBOX\~SEMESTRUL IV\GRAFICA COMPUTERIZATA\LABS\LUCRARE\EARTH AND MOON\DEBUG\GLUTILS.OBJ
D:\Dropbox\~Semestrul IV\Grafica Computerizata\Labs\Lucrare\Earth and Moon\Debug\link.10636.read.1.tlog
D:\Dropbox\~Semestrul IV\Grafica Computerizata\Labs\Lucrare\Earth and Moon\Debug\link.10636.write.1.tlog
D:\Dropbox\~Semestrul IV\Grafica Computerizata\Labs\Lucrare\Earth and Moon\Debug\link.10636-cvtres.read.1.tlog
D:\Dropbox\~Semestrul IV\Grafica Computerizata\Labs\Lucrare\Earth and Moon\Debug\link.10636-cvtres.write.1.tlog
D:\Dropbox\~Semestrul IV\Grafica Computerizata\Labs\Lucrare\Earth and Moon\Debug\link.command.1.tlog
D:\Dropbox\~Semestrul IV\Grafica Computerizata\Labs\Lucrare\Earth and Moon\Debug\link.read.1.tlog
D:\Dropbox\~Semestrul IV\Grafica Computerizata\Labs\Lucrare\Earth and Moon\Debug\link.write.1.tlog
D:\Dropbox\~Semestrul IV\Grafica Computerizata\Labs\Lucrare\Earth and Moon\Debug\link-cvtres.read.1.tlog
D:\Dropbox\~Semestrul IV\Grafica Computerizata\Labs\Lucrare\Earth and Moon\Debug\link-cvtres.write.1.tlog
D:\DROPBOX\~SEMESTRUL IV\GRAFICA COMPUTERIZATA\LABS\LUCRARE\EARTH AND MOON\DEBUG\MAIN.OBJ
D:\Dropbox\~Semestrul IV\Grafica Computerizata\Labs\Lucrare\Earth and Moon\Debug\mt.command.1.tlog
D:\Dropbox\~Semestrul IV\Grafica Computerizata\Labs\Lucrare\Earth and Moon\Debug\mt.read.1.tlog
D:\Dropbox\~Semestrul IV\Grafica Computerizata\Labs\Lucrare\Earth and Moon\Debug\mt.write.1.tlog
D:\DROPBOX\~SEMESTRUL IV\GRAFICA COMPUTERIZATA\LABS\LUCRARE\EARTH AND MOON\DEBUG\PLANET.OBJ
D:\Dropbox\~Semestrul IV\Grafica Computerizata\Labs\Lucrare\Earth and Moon\Debug\rc.command.1.tlog
D:\Dropbox\~Semestrul IV\Grafica Computerizata\Labs\Lucrare\Earth and Moon\Debug\rc.read.1.tlog
D:\Dropbox\~Semestrul IV\Grafica Computerizata\Labs\Lucrare\Earth and Moon\Debug\rc.write.1.tlog
D:\DROPBOX\~SEMESTRUL IV\GRAFICA COMPUTERIZATA\LABS\LUCRARE\EARTH AND MOON\DEBUG\VBOMESH.OBJ
D:\Dropbox\~Semestrul IV\Grafica Computerizata\Labs\Lucrare\Earth and Moon\Debug\vc100.idb
D:\DROPBOX\~SEMESTRUL IV\GRAFICA COMPUTERIZATA\LABS\LUCRARE\EARTH AND MOON\DEBUG\VC100.PDB
