Build started 25.06.2013 14:12:29.
     1>Project "D:\Dropbox\~Semestrul IV\Grafica Computerizata\Labs\Lucrare\Earth and Moon\Earth and Moon.vcxproj" on node 2 (build target(s)).
     1>InitializeBuildStatus:
         Creating "Debug\Earth and Moon.unsuccessfulbuild" because "AlwaysCreate" was specified.
       ClCompile:
         C:\Program Files (x86)\Microsoft Visual Studio 10.0\VC\bin\CL.exe /c /I..\shared /I..\shared\freeglut\include\ /I..\shared\GLM\ /I..\shared\Glew\include\ /I..\shared\SOIL\src /ZI /nologo /W0 /WX- /Od /Oy- /D WIN32 /D _DEBUG /D _CONSOLE /D _UNICODE /D UNICODE /Gm /EHsc /RTC1 /MDd /GS /fp:precise /Zc:wchar_t /Zc:forScope /Fo"Debug\\" /Fd"Debug\vc100.pdb" /Gd /TP /analyze- /errorReport:prompt main.cpp
         main.cpp
       ManifestResourceCompile:
         All outputs are up-to-date.
       Link:
         C:\Program Files (x86)\Microsoft Visual Studio 10.0\VC\bin\link.exe /ERRORREPORT:PROMPT /OUT:"D:\Dropbox\~Semestrul IV\Grafica Computerizata\Labs\Lucrare\Earth and Moon\Debug\Earth and Moon.exe" /INCREMENTAL /NOLOGO /LIBPATH:..\shared\Glew\lib /LIBPATH:..\shared\freeglut\lib /LIBPATH:..\shared\SOIL\lib glew32.lib freeglut.lib soil.lib kernel32.lib user32.lib gdi32.lib winspool.lib comdlg32.lib advapi32.lib shell32.lib ole32.lib oleaut32.lib uuid.lib odbc32.lib odbccp32.lib /MANIFEST /ManifestFile:"Debug\Earth and Moon.exe.intermediate.manifest" /MANIFESTUAC:"level='asInvoker' uiAccess='false'" /DEBUG /PDB:"D:\Dropbox\~Semestrul IV\Grafica Computerizata\Labs\Lucrare\Earth and Moon\Debug\Earth and Moon.pdb" /SUBSYSTEM:CONSOLE /TLBID:1 /DYNAMICBASE /NXCOMPAT /IMPLIB:"D:\Dropbox\~Semestrul IV\Grafica Computerizata\Labs\Lucrare\Earth and Moon\Debug\Earth and Moon.lib" /MACHINE:X86 "Debug\Earth and Moon.exe.embed.manifest.res"
         Debug\cTexture.obj
         Debug\cTimer.obj
         Debug\drawable.obj
         Debug\glslprogram.obj
         Debug\glutils.obj
         Debug\Planet.obj
         Debug\vbomesh.obj
         Debug\main.obj
       Manifest:
         C:\Program Files (x86)\Microsoft SDKs\Windows\v7.0A\bin\mt.exe /nologo /verbose /out:"Debug\Earth and Moon.exe.embed.manifest" /manifest "Debug\Earth and Moon.exe.intermediate.manifest"
         All outputs are up-to-date.
       LinkEmbedManifest:
         All outputs are up-to-date.
         Earth and Moon.vcxproj -> D:\Dropbox\~Semestrul IV\Grafica Computerizata\Labs\Lucrare\Earth and Moon\Debug\Earth and Moon.exe
       FinalizeBuildStatus:
         Deleting file "Debug\Earth and Moon.unsuccessfulbuild".
         Touching "Debug\Earth and Moon.lastbuildstate".
     1>Done Building Project "D:\Dropbox\~Semestrul IV\Grafica Computerizata\Labs\Lucrare\Earth and Moon\Earth and Moon.vcxproj" (build target(s)).

Build succeeded.

Time Elapsed 00:00:02.50
